2022/01/10 10:01:32 [notice] 1#1: using the "epoll" event method
2022/01/10 10:01:32 [notice] 1#1: nginx/1.20.2
2022/01/10 10:01:32 [notice] 1#1: built by gcc 10.3.1 20210424 (Alpine 10.3.1_git20210424) 
2022/01/10 10:01:32 [notice] 1#1: OS: Linux 5.10.47-linuxkit
2022/01/10 10:01:32 [notice] 1#1: getrlimit(RLIMIT_NOFILE): 1048576:1048576
2022/01/10 10:01:32 [notice] 1#1: start worker processes
2022/01/10 10:01:32 [notice] 1#1: start worker process 25
2022/01/10 10:01:32 [notice] 1#1: start worker process 26
2022/01/10 10:06:10 [notice] 1#1: using the "epoll" event method
2022/01/10 10:06:10 [notice] 1#1: nginx/1.20.2
2022/01/10 10:06:10 [notice] 1#1: built by gcc 10.3.1 20210424 (Alpine 10.3.1_git20210424) 
2022/01/10 10:06:10 [notice] 1#1: OS: Linux 5.10.47-linuxkit
2022/01/10 10:06:10 [notice] 1#1: getrlimit(RLIMIT_NOFILE): 1048576:1048576
2022/01/10 10:06:10 [notice] 1#1: start worker processes
2022/01/10 10:06:10 [notice] 1#1: start worker process 22
2022/01/10 10:06:10 [notice] 1#1: start worker process 23
2022/01/10 10:07:22 [notice] 1#1: using the "epoll" event method
2022/01/10 10:07:22 [notice] 1#1: nginx/1.20.2
2022/01/10 10:07:22 [notice] 1#1: built by gcc 10.3.1 20210424 (Alpine 10.3.1_git20210424) 
2022/01/10 10:07:22 [notice] 1#1: OS: Linux 5.10.47-linuxkit
2022/01/10 10:07:22 [notice] 1#1: getrlimit(RLIMIT_NOFILE): 1048576:1048576
2022/01/10 10:07:22 [notice] 1#1: start worker processes
2022/01/10 10:07:22 [notice] 1#1: start worker process 23
2022/01/10 10:07:22 [notice] 1#1: start worker process 24
2022/01/10 10:10:40 [notice] 1#1: using the "epoll" event method
2022/01/10 10:10:40 [notice] 1#1: nginx/1.20.2
2022/01/10 10:10:40 [notice] 1#1: built by gcc 10.3.1 20210424 (Alpine 10.3.1_git20210424) 
2022/01/10 10:10:40 [notice] 1#1: OS: Linux 5.10.47-linuxkit
2022/01/10 10:10:40 [notice] 1#1: getrlimit(RLIMIT_NOFILE): 1048576:1048576
2022/01/10 10:10:40 [notice] 1#1: start worker processes
2022/01/10 10:10:40 [notice] 1#1: start worker process 22
2022/01/10 10:10:40 [notice] 1#1: start worker process 23
2022/01/10 10:11:57 [notice] 1#1: using the "epoll" event method
2022/01/10 10:11:57 [notice] 1#1: nginx/1.20.2
2022/01/10 10:11:57 [notice] 1#1: built by gcc 10.3.1 20210424 (Alpine 10.3.1_git20210424) 
2022/01/10 10:11:57 [notice] 1#1: OS: Linux 5.10.47-linuxkit
2022/01/10 10:11:57 [notice] 1#1: getrlimit(RLIMIT_NOFILE): 1048576:1048576
2022/01/10 10:11:57 [notice] 1#1: start worker processes
2022/01/10 10:11:57 [notice] 1#1: start worker process 21
2022/01/10 10:11:57 [notice] 1#1: start worker process 22
2022/01/10 10:13:49 [notice] 1#1: using the "epoll" event method
2022/01/10 10:13:49 [notice] 1#1: nginx/1.20.2
2022/01/10 10:13:49 [notice] 1#1: built by gcc 10.3.1 20210424 (Alpine 10.3.1_git20210424) 
2022/01/10 10:13:49 [notice] 1#1: OS: Linux 5.10.47-linuxkit
2022/01/10 10:13:49 [notice] 1#1: getrlimit(RLIMIT_NOFILE): 1048576:1048576
2022/01/10 10:13:49 [notice] 1#1: start worker processes
2022/01/10 10:13:49 [notice] 1#1: start worker process 22
2022/01/10 10:13:49 [notice] 1#1: start worker process 23
2022/01/10 10:27:36 [notice] 1#1: using the "epoll" event method
2022/01/10 10:27:36 [notice] 1#1: nginx/1.20.2
2022/01/10 10:27:36 [notice] 1#1: built by gcc 10.3.1 20210424 (Alpine 10.3.1_git20210424) 
2022/01/10 10:27:36 [notice] 1#1: OS: Linux 5.10.47-linuxkit
2022/01/10 10:27:36 [notice] 1#1: getrlimit(RLIMIT_NOFILE): 1048576:1048576
2022/01/10 10:27:36 [notice] 1#1: start worker processes
2022/01/10 10:27:36 [notice] 1#1: start worker process 23
2022/01/10 10:27:36 [notice] 1#1: start worker process 24
2022/01/10 10:33:38 [notice] 1#1: using the "epoll" event method
2022/01/10 10:33:38 [notice] 1#1: nginx/1.20.2
2022/01/10 10:33:38 [notice] 1#1: built by gcc 10.3.1 20210424 (Alpine 10.3.1_git20210424) 
2022/01/10 10:33:38 [notice] 1#1: OS: Linux 5.10.47-linuxkit
2022/01/10 10:33:38 [notice] 1#1: getrlimit(RLIMIT_NOFILE): 1048576:1048576
2022/01/10 10:33:38 [notice] 1#1: start worker processes
2022/01/10 10:33:38 [notice] 1#1: start worker process 22
2022/01/10 10:33:38 [notice] 1#1: start worker process 23
2022/01/10 10:38:19 [notice] 1#1: using the "epoll" event method
2022/01/10 10:38:19 [notice] 1#1: nginx/1.20.2
2022/01/10 10:38:19 [notice] 1#1: built by gcc 10.3.1 20210424 (Alpine 10.3.1_git20210424) 
2022/01/10 10:38:19 [notice] 1#1: OS: Linux 5.10.47-linuxkit
2022/01/10 10:38:19 [notice] 1#1: getrlimit(RLIMIT_NOFILE): 1048576:1048576
2022/01/10 10:38:19 [notice] 1#1: start worker processes
2022/01/10 10:38:19 [notice] 1#1: start worker process 22
2022/01/10 10:38:19 [notice] 1#1: start worker process 23
